Arguments: 
  C:\Program Files\nodejs\node.exe C:\Users\wwwa1\AppData\Roaming\npm\node_modules\yarn\bin\yarn.js start

PATH: 
  C:\Python39\Scripts\;C:\Python39\;C:\WINDOWS\system32;C:\WINDOWS;C:\WINDOWS\System32\Wbem;C:\WINDOWS\System32\WindowsPowerShell\v1.0\;C:\WINDOWS\System32\OpenSSH\;C:\Program Files\Java\jdk-13.0.2\bin;C:\Program Files\dotnet\;C:\Program Files\Microsoft SQL Server\130\Tools\Binn\;C:\Users\wwwa1\AppData\Local\Programs\Python\Python37\Scripts\;C:\Users\wwwa1\AppData\Local\Programs\Python\Python37\;C:\Program Files (x86)\NVIDIA Corporation\PhysX\Common;C:\Program Files\NVIDIA Corporation\NVIDIA NvDLISR;C:\Program Files\PuTTY\;C:\Program Files\nodejs\;C:\ProgramData\chocolatey\bin;C:\Program Files\Docker\Docker\resources\bin;C:\ProgramData\DockerDesktop\version-bin;C:\Program Files\Git\cmd;C:\Users\wwwa1\AppData\Local\Microsoft\WindowsApps;C:\Users\wwwa1\AppData\Local\GitHubDesktop\bin;C:\Program Files\JetBrains\IntelliJ IDEA Community Edition 2020.2.3\bin;C:\Users\wwwa1\.dotnet\tools;C:\Program Files\JetBrains\PyCharm Community Edition 2020.2.3v2\bin;C:\Users\wwwa1\AppData\Local\Programs\Microsoft VS Code\bin;C:\Users\wwwa1\AppData\Roaming\npm

Yarn version: 
  1.22.11

Node version: 
  14.17.5

Platform: 
  win32 x64

Trace: 
  TypeError [ERR_INVALID_ARG_VALUE]: The argument 'file' cannot be empty. Received ''
      at normalizeSpawnArguments (child_process.js:512:11)
      at spawn (child_process.js:665:13)
      at Object.spawnWithSignal [as spawn] (child_process.js:871:17)
      at C:\Users\wwwa1\AppData\Roaming\npm\node_modules\yarn\lib\cli.js:25833:24
      at new Promise (<anonymous>)
      at new F (C:\Users\wwwa1\AppData\Roaming\npm\node_modules\yarn\lib\cli.js:5301:28)
      at C:\Users\wwwa1\AppData\Roaming\npm\node_modules\yarn\lib\cli.js:25832:12
      at run (C:\Users\wwwa1\AppData\Roaming\npm\node_modules\yarn\lib\cli.js:43137:7)
      at BlockingQueue.maybePushConcurrencyQueue (C:\Users\wwwa1\AppData\Roaming\npm\node_modules\yarn\lib\cli.js:43152:7)
      at BlockingQueue.shift (C:\Users\wwwa1\AppData\Roaming\npm\node_modules\yarn\lib\cli.js:43147:10)

npm manifest: 
  {
    "name": "typechian",
    "version": "1.0.0",
    "main": "index.js",
    "repository": "https://github.com/ChaeHyeonU/typechian.git",
    "author": "JJANGCHAE <wwwa0528@gmail.com>",
    "license": "MIT",
    "scripts": {
      "start": "node index.js",
      "prestart": ""
    }
  }

yarn manifest: 
  No manifest

Lockfile: 
  # THIS IS AN AUTOGENERATED FILE. DO NOT EDIT THIS FILE DIRECTLY.
  # yarn lockfile v1
